<?xml version="1.0" encoding="UTF-8"?>
<!-- Generated by org.testng.reporters.JUnitReportReporter -->
<testsuite hostname="Desktop-Hp" failures="0" tests="2" name="testCases.TC002_LoginTest" time="9.873" errors="0" timestamp="2025-05-08T00:14:18 BST" skipped="0">
  <testcase classname="testCases.TC002_LoginTest" name="verify_Login" time="4.852"/>
  <testcase classname="testCases.TC002_LoginTest" name="verify_Login" time="5.021"/>
</testsuite> <!-- testCases.TC002_LoginTest -->
