<?xml version="1.0" encoding="UTF-8"?>
<!-- Generated by org.testng.reporters.JUnitReportReporter -->
<testsuite hostname="Desktop-Hp" failures="0" tests="1" name="testCases.TC002_LoginTest" time="5.418" errors="0" timestamp="2025-05-10T20:18:27 BST" skipped="0">
  <testcase classname="testCases.TC002_LoginTest" name="verify_Login" time="5.418"/>
</testsuite> <!-- testCases.TC002_LoginTest -->
