<?xml version="1.0" encoding="UTF-8"?>
<!-- Generated by org.testng.reporters.JUnitReportReporter -->
<testsuite hostname="Desktop-Hp" failures="0" tests="1" name="testCases.TC001_AccountRegistrationTest" time="7.307" errors="0" timestamp="2025-05-10T20:18:27 BST" skipped="0">
  <testcase classname="testCases.TC001_AccountRegistrationTest" name="verify_account_registration" time="7.307"/>
</testsuite> <!-- testCases.TC001_AccountRegistrationTest -->
