<?xml version="1.0" encoding="UTF-8"?>
<!-- Generated by org.testng.reporters.JUnitReportReporter -->
<testsuite hostname="Desktop-Hp" failures="0" tests="1" name="testCases.TC001_AccountRegistrationTest" time="6.804" errors="0" timestamp="2025-05-08T19:25:32 BST" skipped="0">
  <testcase classname="testCases.TC001_AccountRegistrationTest" name="verify_account_registration" time="6.804"/>
</testsuite> <!-- testCases.TC001_AccountRegistrationTest -->
