<?xml version="1.0" encoding="UTF-8"?>
<!-- Generated by org.testng.reporters.JUnitReportReporter -->
<testsuite hostname="Desktop-Hp" failures="0" tests="1" name="testCases.TC002_LoginTest" time="4.958" errors="0" timestamp="2025-05-08T19:25:32 BST" skipped="0">
  <testcase classname="testCases.TC002_LoginTest" name="verify_Login" time="4.958"/>
</testsuite> <!-- testCases.TC002_LoginTest -->
